<?xml version="1.0" encoding="UTF-8"?>
<!-- Generated by org.testng.reporters.JUnitReportReporter -->
<testsuite hostname="DESKTOP-TICK5JA" failures="0" tests="1" name="com.ws.pages.LoginPage" time="4.644" errors="0" timestamp="2024-03-22T15:45:44 EDT" skipped="0">
  <testcase classname="com.ws.pages.LoginPage" name="initApplication" time="4.644"/>
  <system-out/>
</testsuite> <!-- com.ws.pages.LoginPage -->
