<?xml version="1.0" encoding="UTF-8"?>
<!-- Generated by org.testng.reporters.JUnitReportReporter -->
<testsuite hostname="DESKTOP-TICK5JA" failures="0" tests="7" name="com.ws.testcase.TestLoginPage" time="65.919" errors="0" timestamp="2024-03-24T23:43:33 EDT" skipped="0">
  <testcase classname="com.ws.testcase.TestLoginPage" name="initApplication" time="12.403"/>
  <system-out/>
  <testcase classname="com.ws.testcase.TestLoginPage" name="testLoginPageTitle" time="8.505"/>
  <system-out/>
  <testcase classname="com.ws.testcase.TestLoginPage" name="testLoginFunction" time="9.999"/>
  <system-out/>
  <testcase classname="com.ws.testcase.TestLoginPage" name="testForgotPasswordIsDisplayed" time="8.142"/>
  <system-out/>
  <testcase classname="com.ws.testcase.TestLoginPage" name="testIsPasswordRecoverypageDisplayed" time="8.729"/>
  <system-out/>
  <testcase classname="com.ws.testcase.TestLoginPage" name="testEnterActualEmail" time="9.193"/>
  <system-out/>
  <testcase classname="com.ws.testcase.TestLoginPage" name="testEnterWrongEmail" time="8.948"/>
  <system-out/>
</testsuite> <!-- com.ws.testcase.TestLoginPage -->
