<?xml version="1.0" encoding="UTF-8"?>
<!-- Generated by org.testng.reporters.JUnitReportReporter -->
<testsuite hostname="DESKTOP-TICK5JA" failures="0" tests="1" name="com.ws.testcase.baseTest" time="12.969" errors="0" timestamp="2024-03-22T20:28:30 EDT" skipped="0">
  <testcase classname="com.ws.testcase.baseTest" name="initApplication" time="12.969"/>
  <system-out/>
</testsuite> <!-- com.ws.testcase.baseTest -->
